  MyForm.cpp
C:\Users\Leo\Documents\A2\Conception et programmation objet\Projet\06-12-2022\Git\Address.h(15,25): warning C4490: 'override': incorrect use of override specifier; 'Address::Returninfos' does not match a base ref class method
C:\Users\Leo\Documents\A2\Conception et programmation objet\Projet\06-12-2022\Git\Address.h(15,25): message : 'new' or 'override' are only allowed when a matching base method from a ref class exists
C:\Users\Leo\Documents\A2\Conception et programmation objet\Projet\06-12-2022\Git\Address.h(16,6): warning C4490: 'override': incorrect use of override specifier; 'Address::create' does not match a base ref class method
C:\Users\Leo\Documents\A2\Conception et programmation objet\Projet\06-12-2022\Git\Address.h(16,6): message : 'new' or 'override' are only allowed when a matching base method from a ref class exists
C:\Users\Leo\Documents\A2\Conception et programmation objet\Projet\06-12-2022\Git\Address.h(17,18): warning C4490: 'override': incorrect use of override specifier; 'Address::Delete' does not match a base ref class method
C:\Users\Leo\Documents\A2\Conception et programmation objet\Projet\06-12-2022\Git\Address.h(17,18): message : 'new' or 'override' are only allowed when a matching base method from a ref class exists
C:\Users\Leo\Documents\A2\Conception et programmation objet\Projet\06-12-2022\Git\Address.h(18,18): warning C4490: 'override': incorrect use of override specifier; 'Address::Modify' does not match a base ref class method
C:\Users\Leo\Documents\A2\Conception et programmation objet\Projet\06-12-2022\Git\Address.h(18,18): message : 'new' or 'override' are only allowed when a matching base method from a ref class exists
C:\Users\Leo\Documents\A2\Conception et programmation objet\Projet\06-12-2022\Git\Client.h(20,26): warning C4490: 'override': incorrect use of override specifier; 'Client::Modify' does not match a base ref class method
C:\Users\Leo\Documents\A2\Conception et programmation objet\Projet\06-12-2022\Git\Client.h(20,26): message : 'new' or 'override' are only allowed when a matching base method from a ref class exists
C:\Users\Leo\Documents\A2\Conception et programmation objet\Projet\06-12-2022\Git\Stock.h(20,25): warning C4490: 'override': incorrect use of override specifier; 'Stock::Returninfos' does not match a base ref class method
C:\Users\Leo\Documents\A2\Conception et programmation objet\Projet\06-12-2022\Git\Stock.h(20,25): message : 'new' or 'override' are only allowed when a matching base method from a ref class exists
C:\Users\Leo\Documents\A2\Conception et programmation objet\Projet\06-12-2022\Git\Stock.h(21,18): warning C4490: 'override': incorrect use of override specifier; 'Stock::create' does not match a base ref class method
C:\Users\Leo\Documents\A2\Conception et programmation objet\Projet\06-12-2022\Git\Stock.h(21,18): message : 'new' or 'override' are only allowed when a matching base method from a ref class exists
C:\Users\Leo\Documents\A2\Conception et programmation objet\Projet\06-12-2022\Git\Stock.h(22,18): warning C4490: 'override': incorrect use of override specifier; 'Stock::Delete' does not match a base ref class method
C:\Users\Leo\Documents\A2\Conception et programmation objet\Projet\06-12-2022\Git\Stock.h(22,18): message : 'new' or 'override' are only allowed when a matching base method from a ref class exists
C:\Users\Leo\Documents\A2\Conception et programmation objet\Projet\06-12-2022\Git\Stock.h(23,18): warning C4490: 'override': incorrect use of override specifier; 'Stock::Modify' does not match a base ref class method
C:\Users\Leo\Documents\A2\Conception et programmation objet\Projet\06-12-2022\Git\Stock.h(23,18): message : 'new' or 'override' are only allowed when a matching base method from a ref class exists
C:\Users\Leo\Documents\A2\Conception et programmation objet\Projet\06-12-2022\Git\Employee.h(17,15): warning C4490: 'override': incorrect use of override specifier; 'Employee::create' does not match a base ref class method
C:\Users\Leo\Documents\A2\Conception et programmation objet\Projet\06-12-2022\Git\Employee.h(17,15): message : 'new' or 'override' are only allowed when a matching base method from a ref class exists
C:\Users\Leo\Documents\A2\Conception et programmation objet\Projet\06-12-2022\Git\Employee.h(19,26): warning C4490: 'override': incorrect use of override specifier; 'Employee::Modify' does not match a base ref class method
C:\Users\Leo\Documents\A2\Conception et programmation objet\Projet\06-12-2022\Git\Employee.h(19,26): message : 'new' or 'override' are only allowed when a matching base method from a ref class exists
C:\Users\Leo\Documents\A2\Conception et programmation objet\Projet\06-12-2022\Git\Order.h(17,18): warning C4490: 'override': incorrect use of override specifier; 'Order::Find' does not match a base ref class method
C:\Users\Leo\Documents\A2\Conception et programmation objet\Projet\06-12-2022\Git\Order.h(17,18): message : 'new' or 'override' are only allowed when a matching base method from a ref class exists
C:\Users\Leo\Documents\A2\Conception et programmation objet\Projet\06-12-2022\Git\Order.h(19,7): warning C4490: 'override': incorrect use of override specifier; 'Order::create' does not match a base ref class method
C:\Users\Leo\Documents\A2\Conception et programmation objet\Projet\06-12-2022\Git\Order.h(19,7): message : 'new' or 'override' are only allowed when a matching base method from a ref class exists
C:\Users\Leo\Documents\A2\Conception et programmation objet\Projet\06-12-2022\Git\Order.h(21,18): warning C4490: 'override': incorrect use of override specifier; 'Order::Modify' does not match a base ref class method
C:\Users\Leo\Documents\A2\Conception et programmation objet\Projet\06-12-2022\Git\Order.h(21,18): message : 'new' or 'override' are only allowed when a matching base method from a ref class exists
C:\Users\Leo\Documents\A2\Conception et programmation objet\Projet\06-12-2022\Git\MyForm.h(3437,59): warning C4244: 'argument': conversion from '__int64' to 'int', possible loss of data
C:\Users\Leo\Documents\A2\Conception et programmation objet\Projet\06-12-2022\Git\MyForm.h(3443,355): warning C4244: 'argument': conversion from '__int64' to 'int', possible loss of data
C:\Users\Leo\Documents\A2\Conception et programmation objet\Projet\06-12-2022\Git\MyForm.h(3443,307): warning C4244: 'argument': conversion from '__int64' to 'int', possible loss of data
C:\Users\Leo\Documents\A2\Conception et programmation objet\Projet\06-12-2022\Git\MyForm.h(3480,57): warning C4244: 'argument': conversion from '__int64' to 'int', possible loss of data
  Order.cpp
C:\Users\Leo\Documents\A2\Conception et programmation objet\Projet\06-12-2022\Git\Address.h(15,25): warning C4490: 'override': incorrect use of override specifier; 'Address::Returninfos' does not match a base ref class method
C:\Users\Leo\Documents\A2\Conception et programmation objet\Projet\06-12-2022\Git\Address.h(15,25): message : 'new' or 'override' are only allowed when a matching base method from a ref class exists
C:\Users\Leo\Documents\A2\Conception et programmation objet\Projet\06-12-2022\Git\Address.h(16,6): warning C4490: 'override': incorrect use of override specifier; 'Address::create' does not match a base ref class method
C:\Users\Leo\Documents\A2\Conception et programmation objet\Projet\06-12-2022\Git\Address.h(16,6): message : 'new' or 'override' are only allowed when a matching base method from a ref class exists
C:\Users\Leo\Documents\A2\Conception et programmation objet\Projet\06-12-2022\Git\Address.h(17,18): warning C4490: 'override': incorrect use of override specifier; 'Address::Delete' does not match a base ref class method
C:\Users\Leo\Documents\A2\Conception et programmation objet\Projet\06-12-2022\Git\Address.h(17,18): message : 'new' or 'override' are only allowed when a matching base method from a ref class exists
C:\Users\Leo\Documents\A2\Conception et programmation objet\Projet\06-12-2022\Git\Address.h(18,18): warning C4490: 'override': incorrect use of override specifier; 'Address::Modify' does not match a base ref class method
C:\Users\Leo\Documents\A2\Conception et programmation objet\Projet\06-12-2022\Git\Address.h(18,18): message : 'new' or 'override' are only allowed when a matching base method from a ref class exists
C:\Users\Leo\Documents\A2\Conception et programmation objet\Projet\06-12-2022\Git\Client.h(20,26): warning C4490: 'override': incorrect use of override specifier; 'Client::Modify' does not match a base ref class method
C:\Users\Leo\Documents\A2\Conception et programmation objet\Projet\06-12-2022\Git\Client.h(20,26): message : 'new' or 'override' are only allowed when a matching base method from a ref class exists
C:\Users\Leo\Documents\A2\Conception et programmation objet\Projet\06-12-2022\Git\Stock.h(20,25): warning C4490: 'override': incorrect use of override specifier; 'Stock::Returninfos' does not match a base ref class method
C:\Users\Leo\Documents\A2\Conception et programmation objet\Projet\06-12-2022\Git\Stock.h(20,25): message : 'new' or 'override' are only allowed when a matching base method from a ref class exists
C:\Users\Leo\Documents\A2\Conception et programmation objet\Projet\06-12-2022\Git\Stock.h(21,18): warning C4490: 'override': incorrect use of override specifier; 'Stock::create' does not match a base ref class method
C:\Users\Leo\Documents\A2\Conception et programmation objet\Projet\06-12-2022\Git\Stock.h(21,18): message : 'new' or 'override' are only allowed when a matching base method from a ref class exists
C:\Users\Leo\Documents\A2\Conception et programmation objet\Projet\06-12-2022\Git\Stock.h(22,18): warning C4490: 'override': incorrect use of override specifier; 'Stock::Delete' does not match a base ref class method
C:\Users\Leo\Documents\A2\Conception et programmation objet\Projet\06-12-2022\Git\Stock.h(22,18): message : 'new' or 'override' are only allowed when a matching base method from a ref class exists
C:\Users\Leo\Documents\A2\Conception et programmation objet\Projet\06-12-2022\Git\Stock.h(23,18): warning C4490: 'override': incorrect use of override specifier; 'Stock::Modify' does not match a base ref class method
C:\Users\Leo\Documents\A2\Conception et programmation objet\Projet\06-12-2022\Git\Stock.h(23,18): message : 'new' or 'override' are only allowed when a matching base method from a ref class exists
C:\Users\Leo\Documents\A2\Conception et programmation objet\Projet\06-12-2022\Git\Order.h(17,18): warning C4490: 'override': incorrect use of override specifier; 'Order::Find' does not match a base ref class method
C:\Users\Leo\Documents\A2\Conception et programmation objet\Projet\06-12-2022\Git\Order.h(17,18): message : 'new' or 'override' are only allowed when a matching base method from a ref class exists
C:\Users\Leo\Documents\A2\Conception et programmation objet\Projet\06-12-2022\Git\Order.h(19,7): warning C4490: 'override': incorrect use of override specifier; 'Order::create' does not match a base ref class method
C:\Users\Leo\Documents\A2\Conception et programmation objet\Projet\06-12-2022\Git\Order.h(19,7): message : 'new' or 'override' are only allowed when a matching base method from a ref class exists
C:\Users\Leo\Documents\A2\Conception et programmation objet\Projet\06-12-2022\Git\Order.h(21,18): warning C4490: 'override': incorrect use of override specifier; 'Order::Modify' does not match a base ref class method
C:\Users\Leo\Documents\A2\Conception et programmation objet\Projet\06-12-2022\Git\Order.h(21,18): message : 'new' or 'override' are only allowed when a matching base method from a ref class exists
  Stock.cpp
C:\Users\Leo\Documents\A2\Conception et programmation objet\Projet\06-12-2022\Git\Address.h(15,25): warning C4490: 'override': incorrect use of override specifier; 'Address::Returninfos' does not match a base ref class method
C:\Users\Leo\Documents\A2\Conception et programmation objet\Projet\06-12-2022\Git\Address.h(15,25): message : 'new' or 'override' are only allowed when a matching base method from a ref class exists
C:\Users\Leo\Documents\A2\Conception et programmation objet\Projet\06-12-2022\Git\Address.h(16,6): warning C4490: 'override': incorrect use of override specifier; 'Address::create' does not match a base ref class method
C:\Users\Leo\Documents\A2\Conception et programmation objet\Projet\06-12-2022\Git\Address.h(16,6): message : 'new' or 'override' are only allowed when a matching base method from a ref class exists
C:\Users\Leo\Documents\A2\Conception et programmation objet\Projet\06-12-2022\Git\Address.h(17,18): warning C4490: 'override': incorrect use of override specifier; 'Address::Delete' does not match a base ref class method
C:\Users\Leo\Documents\A2\Conception et programmation objet\Projet\06-12-2022\Git\Address.h(17,18): message : 'new' or 'override' are only allowed when a matching base method from a ref class exists
C:\Users\Leo\Documents\A2\Conception et programmation objet\Projet\06-12-2022\Git\Address.h(18,18): warning C4490: 'override': incorrect use of override specifier; 'Address::Modify' does not match a base ref class method
C:\Users\Leo\Documents\A2\Conception et programmation objet\Projet\06-12-2022\Git\Address.h(18,18): message : 'new' or 'override' are only allowed when a matching base method from a ref class exists
C:\Users\Leo\Documents\A2\Conception et programmation objet\Projet\06-12-2022\Git\Client.h(20,26): warning C4490: 'override': incorrect use of override specifier; 'Client::Modify' does not match a base ref class method
C:\Users\Leo\Documents\A2\Conception et programmation objet\Projet\06-12-2022\Git\Client.h(20,26): message : 'new' or 'override' are only allowed when a matching base method from a ref class exists
C:\Users\Leo\Documents\A2\Conception et programmation objet\Projet\06-12-2022\Git\Stock.h(20,25): warning C4490: 'override': incorrect use of override specifier; 'Stock::Returninfos' does not match a base ref class method
C:\Users\Leo\Documents\A2\Conception et programmation objet\Projet\06-12-2022\Git\Stock.h(20,25): message : 'new' or 'override' are only allowed when a matching base method from a ref class exists
C:\Users\Leo\Documents\A2\Conception et programmation objet\Projet\06-12-2022\Git\Stock.h(21,18): warning C4490: 'override': incorrect use of override specifier; 'Stock::create' does not match a base ref class method
C:\Users\Leo\Documents\A2\Conception et programmation objet\Projet\06-12-2022\Git\Stock.h(21,18): message : 'new' or 'override' are only allowed when a matching base method from a ref class exists
C:\Users\Leo\Documents\A2\Conception et programmation objet\Projet\06-12-2022\Git\Stock.h(22,18): warning C4490: 'override': incorrect use of override specifier; 'Stock::Delete' does not match a base ref class method
C:\Users\Leo\Documents\A2\Conception et programmation objet\Projet\06-12-2022\Git\Stock.h(22,18): message : 'new' or 'override' are only allowed when a matching base method from a ref class exists
C:\Users\Leo\Documents\A2\Conception et programmation objet\Projet\06-12-2022\Git\Stock.h(23,18): warning C4490: 'override': incorrect use of override specifier; 'Stock::Modify' does not match a base ref class method
C:\Users\Leo\Documents\A2\Conception et programmation objet\Projet\06-12-2022\Git\Stock.h(23,18): message : 'new' or 'override' are only allowed when a matching base method from a ref class exists
  Generating Code...
  Address.obj : MSIL module encountered; incremental linking is disabled for MSIL; performing full link
  Project1.vcxproj -> C:\Users\Leo\Documents\A2\Conception et programmation objet\Projet\06-12-2022\Git\x64\Debug\Project1.exe
